TN:
SF:src\use-cases\submit-feedback-use-case.ts
FN:16,execute
FN:11,SubmitFeedbackUseCase
FNF:2
FNH:2
FNDA:4,execute
FNDA:1,SubmitFeedbackUseCase
DA:1,1
DA:2,1
DA:3,1
DA:4,1
DA:5,1
DA:6,1
DA:7,1
DA:8,1
DA:9,1
DA:10,1
DA:11,1
DA:12,1
DA:13,1
DA:14,1
DA:15,1
DA:16,1
DA:17,4
DA:18,4
DA:19,4
DA:20,1
DA:21,1
DA:22,3
DA:23,4
DA:24,1
DA:25,1
DA:26,2
DA:27,2
DA:28,2
DA:29,2
DA:30,2
DA:31,2
DA:32,2
DA:33,2
DA:34,2
DA:35,2
DA:36,2
DA:37,2
DA:38,2
DA:39,2
DA:40,2
DA:41,2
DA:42,2
DA:43,1
LF:43
LH:43
BRDA:16,0,0,4
BRDA:19,1,0,1
BRDA:22,2,0,3
BRDA:23,3,0,1
BRDA:26,4,0,2
BRDA:11,5,0,1
BRF:6
BRH:6
end_of_record
